<?xml version="1.0" encoding="UTF-8"?>
<!-- Generated by org.testng.reporters.JUnitXMLReporter -->
<testsuite ignored="0" hostname="LAPTOP-PH0OCFDR" failures="0" tests="5" name="Default test" time="22.208" errors="0" timestamp="2025-12-19T06:23:00 IST">
  <testcase classname="org.test.assertDemo" name="incorrectPasswordVerification" time="3.207"/>
  <testcase classname="org.test.assertDemo" name="loginTitleVerification" time="0.011"/>
  <testcase classname="org.test.assertDemo" name="createNewAccountIsEnabled" time="1.068"/>
  <testcase classname="org.test.assertDemo" name="forgottonPasswordIsEnabled" time="3.992"/>
  <testcase classname="org.test.assertDemo" name="verifyElementText" time="0.049"/>
</testsuite> <!-- Default test -->
