<?xml version="1.0" encoding="UTF-8"?>
<testng-results ignored="0" total="5" passed="5" failed="0" skipped="0">
  <reporter-output>
  </reporter-output>
  <suite started-at="2025-12-19T06:22:38 IST" name="Default suite" finished-at="2025-12-19T06:23:00 IST" duration-ms="22208">
    <groups>
    </groups>
    <test started-at="2025-12-19T06:22:38 IST" name="Default test" finished-at="2025-12-19T06:23:00 IST" duration-ms="22208">
      <class name="org.test.assertDemo">
        <test-method is-config="true" signature="browserSetup()[pri:0, instance:org.test.assertDemo@4802796d]" started-at="2025-12-19T06:22:38 IST" name="browserSetup" finished-at="2025-12-19T06:22:40 IST" duration-ms="2351" status="PASS">
          <reporter-output>
          </reporter-output>
        </test-method> <!-- browserSetup -->
        <test-method signature="incorrectPasswordVerification()[pri:-2, instance:org.test.assertDemo@4802796d]" started-at="2025-12-19T06:22:40 IST" name="incorrectPasswordVerification" finished-at="2025-12-19T06:22:44 IST" duration-ms="3207" status="PASS">
          <reporter-output>
          </reporter-output>
        </test-method> <!-- incorrectPasswordVerification -->
        <test-method is-config="true" signature="browserSetup()[pri:0, instance:org.test.assertDemo@4802796d]" started-at="2025-12-19T06:22:44 IST" name="browserSetup" finished-at="2025-12-19T06:22:46 IST" duration-ms="2094" status="PASS">
          <reporter-output>
          </reporter-output>
        </test-method> <!-- browserSetup -->
        <test-method signature="loginTitleVerification()[pri:-1, instance:org.test.assertDemo@4802796d]" started-at="2025-12-19T06:22:46 IST" name="loginTitleVerification" finished-at="2025-12-19T06:22:46 IST" duration-ms="11" status="PASS">
          <reporter-output>
          </reporter-output>
        </test-method> <!-- loginTitleVerification -->
        <test-method is-config="true" signature="browserSetup()[pri:0, instance:org.test.assertDemo@4802796d]" started-at="2025-12-19T06:22:46 IST" name="browserSetup" finished-at="2025-12-19T06:22:48 IST" duration-ms="2110" status="PASS">
          <reporter-output>
          </reporter-output>
        </test-method> <!-- browserSetup -->
        <test-method signature="createNewAccountIsEnabled()[pri:0, instance:org.test.assertDemo@4802796d]" started-at="2025-12-19T06:22:48 IST" name="createNewAccountIsEnabled" finished-at="2025-12-19T06:22:49 IST" duration-ms="1068" status="PASS">
          <reporter-output>
          </reporter-output>
        </test-method> <!-- createNewAccountIsEnabled -->
        <test-method is-config="true" signature="browserSetup()[pri:0, instance:org.test.assertDemo@4802796d]" started-at="2025-12-19T06:22:49 IST" name="browserSetup" finished-at="2025-12-19T06:22:53 IST" duration-ms="4585" status="PASS">
          <reporter-output>
          </reporter-output>
        </test-method> <!-- browserSetup -->
        <test-method signature="forgottonPasswordIsEnabled()[pri:1, instance:org.test.assertDemo@4802796d]" started-at="2025-12-19T06:22:53 IST" name="forgottonPasswordIsEnabled" finished-at="2025-12-19T06:22:57 IST" duration-ms="3992" status="PASS">
          <reporter-output>
          </reporter-output>
        </test-method> <!-- forgottonPasswordIsEnabled -->
        <test-method is-config="true" signature="browserSetup()[pri:0, instance:org.test.assertDemo@4802796d]" started-at="2025-12-19T06:22:57 IST" name="browserSetup" finished-at="2025-12-19T06:23:00 IST" duration-ms="2693" status="PASS">
          <reporter-output>
          </reporter-output>
        </test-method> <!-- browserSetup -->
        <test-method signature="verifyElementText()[pri:2, instance:org.test.assertDemo@4802796d]" started-at="2025-12-19T06:23:00 IST" name="verifyElementText" finished-at="2025-12-19T06:23:00 IST" duration-ms="49" status="PASS">
          <reporter-output>
          </reporter-output>
        </test-method> <!-- verifyElementText -->
      </class> <!-- org.test.assertDemo -->
    </test> <!-- Default test -->
  </suite> <!-- Default suite -->
</testng-results>
