<?xml version="1.0" encoding="UTF-8"?>
<!-- Generated by org.testng.reporters.JUnitReportReporter -->
<testsuite hostname="LAPTOP-PH0OCFDR" failures="0" tests="5" name="org.test.assertDemo" time="22.160" errors="0" timestamp="2025-12-19T06:23:01 IST" skipped="0">
  <testcase classname="org.test.assertDemo" name="incorrectPasswordVerification" time="7.792"/>
  <testcase classname="org.test.assertDemo" name="loginTitleVerification" time="2.105"/>
  <testcase classname="org.test.assertDemo" name="createNewAccountIsEnabled" time="3.419"/>
  <testcase classname="org.test.assertDemo" name="forgottonPasswordIsEnabled" time="6.102"/>
  <testcase classname="org.test.assertDemo" name="verifyElementText" time="2.742"/>
</testsuite> <!-- org.test.assertDemo -->
