<?xml version="1.0" encoding="UTF-8"?>
<!-- Generated by org.testng.reporters.JUnitReportReporter -->
<testsuite hostname="LAPTOP-PH0OCFDR" failures="0" tests="5" name="org.test.Attributes" time="0.020" errors="0" timestamp="2025-12-18T14:03:02 IST" skipped="0">
  <testcase classname="org.test.Attributes" name="Login" time="0.008"/>
  <testcase classname="org.test.Attributes" name="homepage" time="0.001"/>
  <testcase classname="org.test.Attributes" name="SearchPage" time="0.007"/>
  <testcase classname="org.test.Attributes" name="productPage" time="0.001"/>
  <testcase classname="org.test.Attributes" name="Logout" time="0.003"/>
</testsuite> <!-- org.test.Attributes -->
